* 033ba28:fixed types in index.html
* 8c27288:fixed fiancee misspelling on room-assassination.html
* eebb83d:update faq
* a2007b2:updated who am i info
* 9c99682:update assassination page
* 98a5631:updated index.html by adding units to the times
* 41bb4fe:updated about.html
* 990ea7c:updated number of players for assassination & who I am
* e835dfc:updated project delta player number
* 9209511:updated about me
* 62df3cb:changes
* 2ce4667:added project delta photo to index.html
* 9d8600c:added project delta pic to room page
* 549da4b:added project photo
* 4d0b5ac:updated whoiam time in the description
* 3277765:added project delta to index.html
* 252a575:first commit created room-projectdelta.html
* 5bdd864:Renamed Missing to Assassination in room-assassination.html
* afa9aeb:Renamed Missing in index.html to Assassination
* f63cfb3:renamed room-missing.html to room-assassination.html and updated index.html with rename
* 8d23e09:first checkin